c:\users\gpant\desktop\cviplab .net 2015 cviptools\cviplab .net 2015 2015 cviptools\cviplab\debug\vc140.pdb
c:\users\gpant\desktop\cviplab .net 2015 cviptools\cviplab .net 2015 2015 cviptools\cviplab\debug\vc140.idb
c:\users\gpant\desktop\cviplab .net 2015 cviptools\cviplab .net 2015 2015 cviptools\cviplab\debug\threshold_lab.sbr
c:\users\gpant\desktop\cviplab .net 2015 cviptools\cviplab .net 2015 2015 cviptools\cviplab\debug\relremap.sbr
c:\users\gpant\desktop\cviplab .net 2015 cviptools\cviplab .net 2015 2015 cviptools\cviplab\debug\display.sbr
c:\users\gpant\desktop\cviplab .net 2015 cviptools\cviplab .net 2015 2015 cviptools\cviplab\debug\cvip_histmod.sbr
c:\users\gpant\desktop\cviplab .net 2015 cviptools\cviplab .net 2015 2015 cviptools\cviplab\debug\cviplab.sbr
c:\users\gpant\desktop\cviplab .net 2015 cviptools\cviplab .net 2015 2015 cviptools\cviplab\debug\cviplab.obj
c:\users\gpant\desktop\cviplab .net 2015 cviptools\cviplab .net 2015 2015 cviptools\cviplab\debug\cvip_histmod.obj
c:\users\gpant\desktop\cviplab .net 2015 cviptools\cviplab .net 2015 2015 cviptools\cviplab\debug\display.obj
c:\users\gpant\desktop\cviplab .net 2015 cviptools\cviplab .net 2015 2015 cviptools\cviplab\debug\relremap.obj
c:\users\gpant\desktop\cviplab .net 2015 cviptools\cviplab .net 2015 2015 cviptools\cviplab\debug\threshold_lab.obj
c:\users\gpant\desktop\cviplab .net 2015 cviptools\cviplab .net 2015 2015 cviptools\cviplab\debug\stdafx.sbr
c:\users\gpant\desktop\cviplab .net 2015 cviptools\cviplab .net 2015 2015 cviptools\cviplab\debug\statsdlg.sbr
c:\users\gpant\desktop\cviplab .net 2015 cviptools\cviplab .net 2015 2015 cviptools\cviplab\debug\ramviewerdlg.sbr
c:\users\gpant\desktop\cviplab .net 2015 cviptools\cviplab .net 2015 2015 cviptools\cviplab\debug\cviplab_project.sbr
c:\users\gpant\desktop\cviplab .net 2015 cviptools\cviplab .net 2015 2015 cviptools\cviplab\debug\cviplab_project.obj
c:\users\gpant\desktop\cviplab .net 2015 cviptools\cviplab .net 2015 2015 cviptools\cviplab\debug\ramviewerdlg.obj
c:\users\gpant\desktop\cviplab .net 2015 cviptools\cviplab .net 2015 2015 cviptools\cviplab\debug\statsdlg.obj
c:\users\gpant\desktop\cviplab .net 2015 cviptools\cviplab .net 2015 2015 cviptools\cviplab\debug\stdafx.obj
c:\users\gpant\desktop\cviplab .net 2015 cviptools\cviplab .net 2015 2015 cviptools\debug\cviplab.pdb
c:\users\gpant\desktop\cviplab .net 2015 cviptools\cviplab .net 2015 2015 cviptools\cviplab\debug\cviplab.tlog\cl.command.1.tlog
c:\users\gpant\desktop\cviplab .net 2015 cviptools\cviplab .net 2015 2015 cviptools\cviplab\debug\cviplab.tlog\cl.read.1.tlog
c:\users\gpant\desktop\cviplab .net 2015 cviptools\cviplab .net 2015 2015 cviptools\cviplab\debug\cviplab.tlog\cl.write.1.tlog
c:\users\gpant\desktop\cviplab .net 2015 cviptools\cviplab .net 2015 2015 cviptools\cviplab\debug\cviplab.tlog\link-cvtres.read.1.tlog
c:\users\gpant\desktop\cviplab .net 2015 cviptools\cviplab .net 2015 2015 cviptools\cviplab\debug\cviplab.tlog\link-cvtres.write.1.tlog
c:\users\gpant\desktop\cviplab .net 2015 cviptools\cviplab .net 2015 2015 cviptools\cviplab\debug\cviplab.tlog\link-mt.read.1.tlog
c:\users\gpant\desktop\cviplab .net 2015 cviptools\cviplab .net 2015 2015 cviptools\cviplab\debug\cviplab.tlog\link-mt.write.1.tlog
c:\users\gpant\desktop\cviplab .net 2015 cviptools\cviplab .net 2015 2015 cviptools\cviplab\debug\cviplab.tlog\link-rc.read.1.tlog
c:\users\gpant\desktop\cviplab .net 2015 cviptools\cviplab .net 2015 2015 cviptools\cviplab\debug\cviplab.tlog\link-rc.write.1.tlog
c:\users\gpant\desktop\cviplab .net 2015 cviptools\cviplab .net 2015 2015 cviptools\cviplab\debug\cviplab.tlog\link.command.1.tlog
c:\users\gpant\desktop\cviplab .net 2015 cviptools\cviplab .net 2015 2015 cviptools\cviplab\debug\cviplab.tlog\link.read.1.tlog
c:\users\gpant\desktop\cviplab .net 2015 cviptools\cviplab .net 2015 2015 cviptools\cviplab\debug\cviplab.tlog\link.write.1.tlog
